<!DOCTYPE html>
<html lang="en" dir="ltr" data-color-scheme="light">
    <head>
        <title> FLUID-3366  | Fluid Project Issues Archive</title>

        <meta content="text/html; charset=utf-8" http-equiv="Content-Type">
        <meta content="width=device-width, initial-scale=1.0" name="viewport">
        <meta name="description" content="Archive of Fluid Project issues from the JIRA issue tracker">
        <meta property="og:title" content=" FLUID-3366 |  Fluid Project Issues Archive">
        <meta property="og:description" content="Archive of Fluid Project issues">
        <meta property="og:locale" content="en">
        <meta property="og:type" content="website">
        <meta property="og:url" content="https://issues.fluidproject.org/browse/FLUID-3366/">
        <link rel="canonical" href="https://issues.fluidproject.org/browse/FLUID-3366/">


        <link rel="stylesheet" href="/assets/styles/style.css">

        
<script type="module" src="/assets/scripts/relative-time/bundle.js"></script>

    </head>
    <body class="page-issue">
        <header class="mt-3">
            <a class="skip-link" href="#main">Skip to Content</a>
            <nav aria-label="main menu">
                <menu>
                    <li><a rel="home" href="/">Home</a></li>
                    <li><a href="/search/">Search</a></li>
                </menu>
            </nav>
            
        <nav aria-label="breadcrumbs">
            <ol>
                <li><a rel="home" href="/">Home</a></li>
                <li><a href="/projects/FLUID" data-pagefind-filter="project">Fluid Infusion</a></li>
                <li><a href="/browse/FLUID-3366/">FLUID-3366</a></li>
            </ol>
        </nav>
        <h1>FLUID-3366: Uploader's server-side demo, the Image Gallery 2, is broken on the daily build server</h1>

        </header>
        <main id="main">
            
    <div id="content" class="content with-sidebar">
        <div class="spacing-y-1 bg-default">
            <h2>Metadata</h2>
            <dl>
                <div>
                    <dt>Source</dt>
                    <dd><a href="https://fluidproject.atlassian.net/browse/FLUID-3366">FLUID-3366</a></dd>
                </div>
                <div>
                    <dt>Type</dt>
                    <dd>
                        <a href="/projects/FLUID/?type=Bug">Bug</a>
                    </dd>
                </div>
                <div>
                    <dt>Priority</dt>
                    <dd>Major</dd>
                </div>
                <div>
                    <dt>Status</dt>
                    <dd>Closed</dd>
                </div>
                <div>
                    <dt>Resolution</dt>
                    <dd>
                            <a href="/projects/FLUID/?resolution=Fixed">Fixed</a>
                        
                    </dd>
                </div>
                <div>
                    <dt>Assignee</dt>
                    <dd>Colin Clark</dd>
                </div>
                <div>
                    <dt>Reporter</dt>
                    <dd>
                        <a href="/projects/FLUID/?reporter=Colin%20Clark">Colin Clark</a>
                    </dd>
                </div>
                <div>
                    <dt>Created</dt>
                    <dd><relative-time datetime="2009-11-07T11:52:26.000-0500" prefix="">2009-11-07T11:52:26.000-0500</relative-time></dd>
                </div>
                <div>
                    <dt>Updated</dt>
                    <dd><relative-time datetime="2011-03-17T15:06:05.824-0400" prefix="">2011-03-17T15:06:05.824-0400</relative-time></dd>
                </div>
                <div>
                    <dt>Versions</dt>
                    <dd>
                        
                        N/A
                        
                    </dd>
                </div>
                <div>
                    <dt>Fixed Versions</dt>
                    <dd>
                        
                        N/A
                        
                    </dd>
                </div>
                <div>
                    <dt>Component</dt>
                    <dd>
                        
                        <ol role="list">
                            
                            <li>Infrastructure</li>
                            
                            <li>Uploader</li>
                            
                        </ol>
                        
                    </dd>
                </div>
            </dl>
        </div>

        <div>
            <div class="spacing-y-1">
                <h2>Description</h2>
                <p>The Image Gallery is breaking on the daily build server. This is our primary demo for the Uploader, and should be fixed asap.</p>
<p>Online report : <a href="http://localhost:4040/continuum/servlet/continuum/target/ProjectBuild.vm/view/ProjectBuild/id/41/buildId/6555">http://localhost:4040/continuum/servlet/continuum/target/ProjectBuild.vm/view/ProjectBuild/id/41/buildId/6555</a><br>
Build statistics:<br>
State: Failed<br>
Previous State: Failed<br>
Started at: Sat, 7 Nov 2009 02:10:17 -0500<br>
Finished at: Sat, 7 Nov 2009 02:10:44 -0500<br>
Total time: 27s<br>
Build Trigger: Schedule<br>
Exit code: 1<br>
Building machine hostname: titan<br>
Operating system : Linux(unknown)<br>
Java version : 1.5.0_11(Sun Microsystems Inc.)</p>
<p>Changes<br>
fluid-components/src/webapp/components/reorderer/css/Reorderer.css<br>
fluid-components/src/webapp/demos/reorderer/gridReorderer/html/gridReorderer.html<br>
fluid-components/src/webapp/demos/reorderer/gridReorderer/demo.html<br>
fluid-components/src/webapp/demos/reorderer/listReorderer/html/listReorderer.html<br>
fluid-components/src/webapp/demos/reorderer/listReorderer/demo.html<br>
fluid-components/src/webapp/demos/reorderer/layoutReorderer/html/layoutReorderer.html<br>
fluid-components/src/webapp/demos/reorderer/layoutReorderer/demo.html<br>
fluid-components/src/webapp/demos/reorderer/imageReorderer/html/imageReorderer.html<br>
fluid-components/src/webapp/demos/reorderer/imageReorderer/demo.html<br>
fluid-components/src/webapp/demos/reorderer/imageReorderer/css/imageReorderer.css</p>
<p>****************************************************************************<br>
Output:<br>
****************************************************************************<br>
/home/flexibus/scripts/uploader-server/stop-uploader-server.sh: line 5: kill: (32059) - No such process<br>
rm: cannot remove `/home/flexibus/scripts/uploader-server/uploader-jetty.log': No such file or directory<br>
[INFO] Scanning for projects...<br>
WAGON_VERSION: 1.0-beta-2<br>
[INFO] ----------------------------------------------------------------------------
[INFO] Building Sakai Master<br>
[INFO]    task-segment: [clean, install]<br>
[INFO] ----------------------------------------------------------------------------
[INFO] artifact org.apache.maven.plugins:maven-clean-plugin: checking for updates from codehaus snapshot repository<br>
[INFO] artifact org.apache.maven.plugins:maven-clean-plugin: checking for updates from Sakai Plugin Repo<br>
[INFO] artifact org.apache.maven.plugins:maven-compiler-plugin: checking for updates from codehaus snapshot repository<br>
[INFO] artifact org.apache.maven.plugins:maven-compiler-plugin: checking for updates from Sakai Plugin Repo<br>
[INFO] [clean:clean]<br>
[INFO] artifact org.apache.maven.plugins:maven-site-plugin: checking for updates from codehaus snapshot repository<br>
[INFO] artifact org.apache.maven.plugins:maven-site-plugin: checking for updates from Sakai Plugin Repo<br>
[INFO] artifact org.apache.maven.plugins:maven-install-plugin: checking for updates from codehaus snapshot repository<br>
[INFO] artifact org.apache.maven.plugins:maven-install-plugin: checking for updates from Sakai Plugin Repo<br>
[INFO] [site:attach-descriptor]<br>
[INFO] [install:install]<br>
[INFO] Installing /home/flexibus/continuum/working/41/master/pom.xml to /home/flexibus/.m2/repository/org/sakaiproject/master/SNAPSHOT/master-SNAPSHOT.pom<br>
[INFO] ------------------------------------------------------------------------
[INFO] BUILD SUCCESSFUL<br>
[INFO] ------------------------------------------------------------------------
[INFO] Total time: 6 seconds<br>
[INFO] Finished at: Sat Nov 07 02:10:24 EST 2009<br>
[INFO] Final Memory: 12M/254M<br>
[INFO] ------------------------------------------------------------------------
[INFO] Scanning for projects...<br>
[INFO] ----------------------------------------------------------------------------
[INFO] Building Unnamed - org.fluidproject:fluid-components:war:1.2<br>
[INFO]    task-segment: [clean, install]<br>
[INFO] ----------------------------------------------------------------------------
[INFO] [clean:clean]<br>
[INFO] Deleting directory /home/flexibus/continuum/working/41/fluid-components/target<br>
[INFO] [resources:resources]<br>
[INFO] Using default encoding to copy filtered resources.<br>
[INFO] [compiler:compile]<br>
[INFO] No sources to compile<br>
[INFO] [resources:testResources]<br>
[INFO] Using default encoding to copy filtered resources.<br>
[INFO] [compiler:testCompile]<br>
[INFO] No sources to compile<br>
[INFO] [surefire:test]<br>
[INFO] No tests to run.<br>
[INFO] [war:war]<br>
[INFO] Packaging webapp<br>
[INFO] Assembling webapp[fluid-components] in <a href="/home/flexibus/continuum/working/41/fluid-components/target/fluid-components-1.2">/home/flexibus/continuum/working/41/fluid-components/target/fluid-components-1.2</a><br>
[INFO] Processing war project<br>
[INFO] Webapp assembled in[11149 msecs]<br>
[INFO] Building war: /home/flexibus/continuum/working/41/fluid-components/target/fluid-components-1.2.war<br>
[INFO] [install:install]<br>
[INFO] Installing /home/flexibus/continuum/working/41/fluid-components/target/fluid-components-1.2.war to /home/flexibus/.m2/repository/org/fluidproject/fluid-components/1.2/fluid-components-1.2.war<br>
[INFO] ------------------------------------------------------------------------
[INFO] BUILD SUCCESSFUL<br>
[INFO] ------------------------------------------------------------------------
[INFO] Total time: 17 seconds<br>
[INFO] Finished at: Sat Nov 07 02:10:43 EST 2009<br>
[INFO] Final Memory: 14M/254M<br>
[INFO] ------------------------------------------------------------------------
[INFO] Scanning for projects...<br>
[INFO] ------------------------------------------------------------------------
[ERROR] FATAL ERROR<br>
[INFO] ------------------------------------------------------------------------
[INFO] Error building POM (may not be this project's POM).</p>
<p>Project ID: org.sakaiproject:sakai-imagegallery-base:pom:SNAPSHOT</p>
<p>Reason: Cannot find parent: org.sakaiproject:master for project: org.sakaiproject:sakai-imagegallery-base:pom:SNAPSHOT</p>
<p>[INFO] ------------------------------------------------------------------------
[INFO] Trace<br>
org.apache.maven.reactor.MavenExecutionException: Cannot find parent: org.sakaiproject:master for project: org.sakaiproject:sakai-imagegallery-base:pom:SNAPSHOT<br>
at org.apache.maven.DefaultMaven.getProjects(DefaultMaven.java:378)<br>
at org.apache.maven.DefaultMaven.doExecute(DefaultMaven.java:290)<br>
at org.apache.maven.DefaultMaven.execute(DefaultMaven.java:125)<br>
at org.apache.maven.cli.MavenCli.main(MavenCli.java:272)<br>
at sun.reflect.NativeMethodAccessorImpl.invoke0(Native Method)<br>
at sun.reflect.NativeMethodAccessorImpl.invoke(NativeMethodAccessorImpl.java:39)<br>
at sun.reflect.DelegatingMethodAccessorImpl.invoke(DelegatingMethodAccessorImpl.java:25)<br>
at java.lang.reflect.Method.invoke(Method.java:585)<br>
at org.codehaus.classworlds.Launcher.launchEnhanced(Launcher.java:315)<br>
at org.codehaus.classworlds.Launcher.launch(Launcher.java:255)<br>
at org.codehaus.classworlds.Launcher.mainWithExitCode(Launcher.java:430)<br>
at org.codehaus.classworlds.Launcher.main(Launcher.java:375)<br>
Caused by: org.apache.maven.project.ProjectBuildingException: Cannot find parent: org.sakaiproject:master for project: org.sakaiproject:sakai-imagegallery-base:pom:SNAPSHOT<br>
at org.apache.maven.project.DefaultMavenProjectBuilder.assembleLineage(DefaultMavenProjectBuilder.java:1264)<br>
at org.apache.maven.project.DefaultMavenProjectBuilder.assembleLineage(DefaultMavenProjectBuilder.java:1281)<br>
at org.apache.maven.project.DefaultMavenProjectBuilder.buildInternal(DefaultMavenProjectBuilder.java:749)<br>
at org.apache.maven.project.DefaultMavenProjectBuilder.buildFromSourceFileInternal(DefaultMavenProjectBuilder.java:479)<br>
at org.apache.maven.project.DefaultMavenProjectBuilder.build(DefaultMavenProjectBuilder.java:200)<br>
at org.apache.maven.DefaultMaven.getProject(DefaultMaven.java:537)<br>
at org.apache.maven.DefaultMaven.collectProjects(DefaultMaven.java:467)<br>
at org.apache.maven.DefaultMaven.collectProjects(DefaultMaven.java:511)<br>
at org.apache.maven.DefaultMaven.getProjects(DefaultMaven.java:364)<br>
... 11 more<br>
Caused by: org.apache.maven.project.ProjectBuildingException: Error getting POM for 'org.sakaiproject:master' from the repository: Unable to read local copy of metadata: Cannot read metadata from '/home/flexibus/.m2/repository/org/sakaiproject/master/SNAPSHOT/maven-metadata-media-berkeley-edu-dev.xml': entity reference name can not contain character =' (position: TEXT seen ...ww.atlassian.com/ex/GenerateLicense.jspa?product=Crucible&amp;version=... @148:128) <br>
org.sakaiproject:master:pom:SNAPSHOT</p>
<p>at org.apache.maven.project.DefaultMavenProjectBuilder.findModelFromRepository(DefaultMavenProjectBuilder.java:560)<br>
at org.apache.maven.project.DefaultMavenProjectBuilder.assembleLineage(DefaultMavenProjectBuilder.java:1260)<br>
... 19 more<br>
Caused by: org.apache.maven.artifact.resolver.ArtifactResolutionException: Unable to read local copy of metadata: Cannot read metadata from '/home/flexibus/.m2/repository/org/sakaiproject/master/SNAPSHOT/maven-metadata-media-berkeley-edu-dev.xml': entity reference name can not contain character =' (position: TEXT seen ...ww.atlassian.com/ex/GenerateLicense.jspa?product=Crucible&amp;version=... @148:128) <br>
org.sakaiproject:master:pom:SNAPSHOT</p>
<p>at org.apache.maven.artifact.transform.SnapshotTransformation.transformForResolve(SnapshotTransformation.java:68)<br>
at org.apache.maven.artifact.transform.DefaultArtifactTransformationManager.transformForResolve(DefaultArtifactTransformationManager.java:57)<br>
at org.apache.maven.artifact.resolver.DefaultArtifactResolver.resolve(DefaultArtifactResolver.java:114)<br>
at org.apache.maven.artifact.resolver.DefaultArtifactResolver.resolve(DefaultArtifactResolver.java:73)<br>
at org.apache.maven.project.DefaultMavenProjectBuilder.findModelFromRepository(DefaultMavenProjectBuilder.java:526)<br>
... 20 more<br>
Caused by: org.apache.maven.artifact.repository.metadata.RepositoryMetadataResolutionException: Unable to read local copy of metadata: Cannot read metadata from '/home/flexibus/.m2/repository/org/sakaiproject/master/SNAPSHOT/maven-metadata-media-berkeley-edu-dev.xml': entity reference name can not contain character =' (position: TEXT seen ...ww.atlassian.com/ex/GenerateLicense.jspa?product=Crucible&amp;version=... @148:128) <br>
at org.apache.maven.artifact.repository.metadata.DefaultRepositoryMetadataManager.resolve(DefaultRepositoryMetadataManager.java:143)<br>
at org.apache.maven.artifact.transform.AbstractVersionTransformation.resolveVersion(AbstractVersionTransformation.java:65)<br>
at org.apache.maven.artifact.transform.SnapshotTransformation.transformForResolve(SnapshotTransformation.java:63)<br>
... 24 more<br>
Caused by: org.apache.maven.artifact.repository.metadata.RepositoryMetadataReadException: Cannot read metadata from '/home/flexibus/.m2/repository/org/sakaiproject/master/SNAPSHOT/maven-metadata-media-berkeley-edu-dev.xml': entity reference name can not contain character =' (position: TEXT seen ...ww.atlassian.com/ex/GenerateLicense.jspa?product=Crucible&amp;version=... @148:128) <br>
at org.apache.maven.artifact.repository.metadata.DefaultRepositoryMetadataManager.readMetadata(DefaultRepositoryMetadataManager.java:292)<br>
at org.apache.maven.artifact.repository.metadata.DefaultRepositoryMetadataManager.loadMetadata(DefaultRepositoryMetadataManager.java:244)<br>
at org.apache.maven.artifact.repository.metadata.DefaultRepositoryMetadataManager.mergeMetadata(DefaultRepositoryMetadataManager.java:166)<br>
at org.apache.maven.artifact.repository.metadata.DefaultRepositoryMetadataManager.resolve(DefaultRepositoryMetadataManager.java:134)<br>
... 26 more<br>
Caused by: org.codehaus.plexus.util.xml.pull.XmlPullParserException: entity reference name can not contain character =' (position: TEXT seen ...ww.atlassian.com/ex/GenerateLicense.jspa?product=Crucible&amp;version=... @148:128) <br>
at org.codehaus.plexus.util.xml.pull.MXParser.parseEntityRef(MXParser.java:2219)<br>
at org.codehaus.plexus.util.xml.pull.MXParser.parseAttribute(MXParser.java:2044)<br>
at org.codehaus.plexus.util.xml.pull.MXParser.parseStartTag(MXParser.java:1796)<br>
at org.codehaus.plexus.util.xml.pull.MXParser.nextImpl(MXParser.java:1124)<br>
at org.codehaus.plexus.util.xml.pull.MXParser.next(MXParser.java:1090)<br>
at org.apache.maven.artifact.repository.metadata.io.xpp3.MetadataXpp3Reader.parseMetadata(MetadataXpp3Reader.java:386)<br>
at org.apache.maven.artifact.repository.metadata.io.xpp3.MetadataXpp3Reader.read(MetadataXpp3Reader.java:866)<br>
at org.apache.maven.artifact.repository.metadata.DefaultRepositoryMetadataManager.readMetadata(DefaultRepositoryMetadataManager.java:279)<br>
... 29 more<br>
[INFO] ------------------------------------------------------------------------
[INFO] Total time: &lt; 1 second<br>
[INFO] Finished at: Sat Nov 07 02:10:44 EST 2009<br>
[INFO] Final Memory: 1M/254M<br>
[INFO] ------------------------------------------------------------------------
ERROR # 1 : error building and deploying the app.</p>
<p>****************************************************************************</p>

            </div>
            
            
            
            
            <div class="spacing-y-1">
                <h2>Comments</h2>
                <ul class="spacing-y-2" role="list">
                    
                    <li id="comment-20572">
                        <p class="mb-0"><b>Colin Clark</b> <i>commented <relative-time datetime="2009-11-07T13:06:21.000-0500">2009-11-07T13:06:21.000-0500</relative-time></i></p>
                        <p>I've fixed this at r8615 by fixing the version for Sakai Master in the root POM file, updating Image Gallery Web's version of Infusion, and adding master to the list of modules in the root POM. Now we have a much simpler build that allows us to run a mvn clean/install/deploy right at the root, and all sub-modules will be built automatically.</p>

                    </li>
                    
                </ul>
            </div>
            
        </div>
    </div>

        </main>
        <footer>
            
<nav aria-labelledby="pagination">
    <h2 class="visually-hidden">pagination</h2>
    <p class="flex">
        
        
        <a class="mx-1" href="/browse/FLUID-3365/"><span class="aria-hidden">←</span> Previous: FLUID-3365</a>
        <a class="mx-1" href="/browse/FLUID-3375/">Next: FLUID-3375 <span class="aria-hidden">→</span></a>
    </p>
</nav>

        </footer>
    </body>
</html>